#
# There is insufficient memory for the Java Runtime Environment to continue.
# Native memory allocation (malloc) failed to allocate 262160 bytes for Chunk::new
# Possible reasons:
#   The system is out of physical RAM or swap space
#   In 32 bit mode, the process size limit was hit
# Possible solutions:
#   Reduce memory load on the system
#   Increase physical memory or swap space
#   Check if swap backing store is full
#   Use 64 bit Java on a 64 bit OS
#   Decrease Java heap size (-Xmx/-Xms)
#   Decrease number of Java threads
#   Decrease Java thread stack sizes (-Xss)
#   Set larger code cache with -XX:ReservedCodeCacheSize=
# This output file may be truncated or incomplete.
#
#  Out of Memory Error (allocation.cpp:390), pid=3212, tid=11496
#
# JRE version: Java(TM) SE Runtime Environment (8.0_77-b03) (build 1.8.0_77-b03)
# Java VM: Java HotSpot(TM) 64-Bit Server VM (25.77-b03 mixed mode windows-amd64 compressed oops)
# Failed to write core dump. Minidumps are not enabled by default on client versions of Windows
#

---------------  T H R E A D  ---------------

Current thread (0x0000000016ae1800):  JavaThread "C2 CompilerThread0" daemon [_thread_in_native, id=11496, stack(0x0000000017290000,0x0000000017390000)]

Stack: [0x0000000017290000,0x0000000017390000]
[error occurred during error reporting (printing stack bounds), id 0xc0000005]

Native frames: (J=compiled Java code, j=interpreted, Vv=VM code, C=native code)


Current CompileTask:
C2:   2566  982   !   4       com.android.dx.cf.code.BytecodeArray::parseInstruction (2764 bytes)


---------------  P R O C E S S  ---------------

Java Threads: ( => current thread )
  0x0000000016dc9000 JavaThread "pool-1-thread-4" [_thread_in_Java, id=8132, stack(0x0000000017c90000,0x0000000017d90000)]
  0x0000000016dc1000 JavaThread "pool-1-thread-3" [_thread_in_Java, id=8672, stack(0x0000000017b90000,0x0000000017c90000)]
  0x0000000016db8000 JavaThread "pool-1-thread-2" [_thread_in_vm, id=3500, stack(0x0000000017a90000,0x0000000017b90000)]
  0x0000000016dad000 JavaThread "pool-2-thread-1" [_thread_blocked, id=12012, stack(0x0000000017990000,0x0000000017a90000)]
  0x0000000016dac800 JavaThread "pool-1-thread-1" [_thread_in_Java, id=8104, stack(0x0000000017890000,0x0000000017990000)]
  0x0000000016b4c000 JavaThread "Service Thread" daemon [_thread_blocked, id=11068, stack(0x0000000017690000,0x0000000017790000)]
  0x0000000016b43800 JavaThread "C1 CompilerThread3" daemon [_thread_in_vm, id=8668, stack(0x0000000017590000,0x0000000017690000)]
  0x0000000016b3d800 JavaThread "C2 CompilerThread2" daemon [_thread_in_native, id=11228, stack(0x0000000017490000,0x0000000017590000)]
  0x0000000016b3a000 JavaThread "C2 CompilerThread1" daemon [_thread_in_vm, id=12792, stack(0x0000000017390000,0x0000000017490000)]
=>0x0000000016ae1800 JavaThread "C2 CompilerThread0" daemon [_thread_in_native, id=11496, stack(0x0000000017290000,0x0000000017390000)]
  0x0000000016adf000 JavaThread "Attach Listener" daemon [_thread_blocked, id=10248, stack(0x0000000017190000,0x0000000017290000)]
  0x0000000016ade000 JavaThread "Signal Dispatcher" daemon [_thread_blocked, id=12536, stack(0x0000000017090000,0x0000000017190000)]
  0x00000000020c9800 JavaThread "Finalizer" daemon [_thread_blocked, id=13580, stack(0x0000000016eb0000,0x0000000016fb0000)]
  0x00000000020c6000 JavaThread "Reference Handler" daemon [_thread_blocked, id=7536, stack(0x00000000169b0000,0x0000000016ab0000)]
  0x000000000060e800 JavaThread "main" [_thread_in_Java, id=560, stack(0x0000000001ed0000,0x0000000001fd0000)]

Other Threads:
  0x0000000014be9800 VMThread [stack: 0x00000000168b0000,0x00000000169b0000] [id=12664]
  0x0000000016b4e800 WatcherThread [stack: 0x0000000017790000,0x0000000017890000] [id=7068]

VM state:not at safepoint (normal execution)

VM Mutex/Monitor currently owned by a thread: None

Heap:
 PSYoungGen      total 38400K, used 28900K [0x00000000eab00000, 0x00000000ed580000, 0x0000000100000000)
  eden space 33280K, 86% used [0x00000000eab00000,0x00000000ec739368,0x00000000ecb80000)
  from space 5120K, 0% used [0x00000000ed080000,0x00000000ed080000,0x00000000ed580000)
  to   space 5120K, 0% used [0x00000000ecb80000,0x00000000ecb80000,0x00000000ed080000)
 ParOldGen       total 87552K, used 0K [0x00000000c0000000, 0x00000000c5580000, 0x00000000eab00000)
  object space 87552K, 0% used [0x00000000c0000000,0x00000000c0000000,0x00000000c5580000)
 Metaspace       used 5852K, capacity 6770K, committed 7040K, reserved 1056768K
  class space    used 601K, capacity 618K, committed 640K, reserved 1048576K

Card table byte_map: [0x0000000011490000,0x00000000116a0000] byte_map_base: 0x0000000010e90000

Marking Bits: (ParMarkBitMap*) 0x000000006fba0600
 Begin Bits: [0x0000000012000000, 0x0000000013000000)
 End Bits:   [0x0000000013000000, 0x0000000014000000)

Polling page: 0x0000000001e20000

CodeCache: size=245760Kb used=3803Kb max_used=3803Kb free=241956Kb
 bounds [0x00000000020d0000, 0x0000000002490000, 0x00000000110d0000]
 total_blobs=1253 nmethods=984 adapters=182
 compilation: enabled

Compilation events (10 events):
Event: 2.563 Thread 0x0000000016b43800 nmethod 1017 0x0000000002472950 code [0x00000000024734e0, 0x000000000247d118]
Event: 2.563 Thread 0x0000000016b43800 1023       1       com.android.dx.rop.code.Insn$BaseVisitor::visitPlainInsn (1 bytes)
Event: 2.563 Thread 0x0000000016b43800 nmethod 1023 0x0000000002485f90 code [0x00000000024860e0, 0x00000000024861f0]
Event: 2.563 Thread 0x0000000016b43800 1018       3       com.android.dx.cf.code.OneLocalsArray::getOrNull (7 bytes)
Event: 2.563 Thread 0x0000000016b43800 nmethod 1018 0x0000000002486250 code [0x00000000024863a0, 0x0000000002486510]
Event: 2.563 Thread 0x0000000016b43800 1021       3       com.android.dx.ssa.PhiInsn::predBlockIndexForSourcesIndex (15 bytes)
Event: 2.564 Thread 0x0000000016b43800 nmethod 1021 0x0000000002486610 code [0x00000000024867c0, 0x0000000002486c98]
Event: 2.564 Thread 0x0000000016b43800  949       3       java.util.TreeMap::get (19 bytes)
Event: 2.564 Thread 0x0000000016b43800 nmethod 949 0x0000000002487010 code [0x0000000002487180, 0x00000000024873e8]
Event: 2.564 Thread 0x0000000016b43800 1024       3       com.android.dx.dex.code.FixedSizeInsn::<init> (8 bytes)

GC Heap History (0 events):
No events

Deoptimization events (5 events):
Event: 1.928 Thread 0x0000000016dc1000 Uncommon trap: reason=unstable_if action=reinterpret pc=0x00000000022e4e30 method=java.util.BitSet.nextSetBit(I)I @ 87
Event: 2.369 Thread 0x0000000016dc1000 Uncommon trap: reason=unstable_if action=reinterpret pc=0x0000000002302974 method=java.util.BitSet.ensureCapacity(I)V @ 6
Event: 2.481 Thread 0x0000000016dac800 Uncommon trap: reason=null_check action=make_not_entrant pc=0x000000000239dce8 method=com.android.dx.rop.type.Type.equals(Ljava/lang/Object;)Z @ 8
Event: 2.538 Thread 0x0000000016dc9000 Uncommon trap: reason=unstable_if action=reinterpret pc=0x00000000023a6d9c method=com.android.dx.rop.cst.Constant.compareTo(Lcom/android/dx/rop/cst/Constant;)I @ 12
Event: 2.560 Thread 0x0000000016dac800 Uncommon trap: reason=unstable_if action=reinterpret pc=0x0000000002358144 method=com.android.dx.rop.code.RegisterSpec.equals(ILcom/android/dx/rop/type/TypeBearer;Lcom/android/dx/rop/code/LocalItem;)Z @ 42

Internal exceptions (3 events):
Event: 0.338 Thread 0x000000000060e800 Exception <a 'java/lang/NoSuchMethodError': Method sun.misc.Unsafe.defineClass(Ljava/lang/String;[BII)Ljava/lang/Class; name or signature does not match> (0x00000000eab07cc0) thrown at [D:\re\workspace\8-2-build-windows-amd64-cygwin\jdk8u77\6540\hotspot\sr>áΩBÒú’?
Event: 0.338 Thread 0x000000000060e800 Exception <a 'java/lang/NoSuchMethodError': Method sun.misc.Unsafe.prefetchRead(Ljava/lang/Object;J)V name or signature does not match> (0x00000000eab07fa8) thrown at [D:\re\workspace\8-2-build-windows-amd64-cygwin\jdk8u77\6540\hotspot\src\share\vm\prims\jç~Uâÿ@
Event: 2.481 Thread 0x0000000016dac800 Implicit null exception at 0x000000000239dbe2 to 0x000000000239dcda

Events (10 events):
Event: 2.502 loading class com/android/dx/cf/attrib/AttRuntimeInvisibleParameterAnnotations
Event: 2.502 loading class com/android/dx/cf/attrib/AttRuntimeInvisibleParameterAnnotations done
Event: 2.502 loading class com/android/dx/cf/attrib/BaseParameterAnnotations
Event: 2.502 loading class com/android/dx/cf/attrib/BaseParameterAnnotations done
Event: 2.538 Thread 0x0000000016dc9000 Uncommon trap: trap_request=0xffffff65 fr.pc=0x00000000023a6d9c
Event: 2.538 Thread 0x0000000016dc9000 DEOPT PACKING pc=0x00000000023a6d9c sp=0x0000000017d8e7c0
Event: 2.538 Thread 0x0000000016dc9000 DEOPT UNPACKING pc=0x000000000211582a sp=0x0000000017d8e760 mode 2
Event: 2.560 Thread 0x0000000016dac800 Uncommon trap: trap_request=0xffffff65 fr.pc=0x0000000002358144
Event: 2.560 Thread 0x0000000016dac800 DEOPT PACKING pc=0x0000000002358144 sp=0x000000001798e550
Event: 2.560 Thread 0x0000000016dac800 DEOPT UNPACKING pc=0x000000000211582a sp=0x000000001798e4d8 mode 2


Dynamic libraries:
0x00007ff7a6030000 - 0x00007ff7a6067000 	C:\Program Files\Java\jdk1.8.0_77\bin\java.exe
0x00007ffb154a0000 - 0x00007ffb15662000 	C:\WINDOWS\SYSTEM32\ntdll.dll
0x00007ffb14ea0000 - 0x00007ffb14f4d000 	C:\WINDOWS\system32\KERNEL32.DLL
0x00007ffb128a0000 - 0x00007ffb12a7d000 	C:\WINDOWS\system32\KERNELBASE.dll
0x00007ffb14ae0000 - 0x00007ffb14b86000 	C:\WINDOWS\system32\ADVAPI32.dll
0x00007ffb13270000 - 0x00007ffb1330d000 	C:\WINDOWS\system32\msvcrt.dll
0x00007ffb13130000 - 0x00007ffb1318b000 	C:\WINDOWS\system32\sechost.dll
0x00007ffb12d40000 - 0x00007ffb12e66000 	C:\WINDOWS\system32\RPCRT4.dll
0x00007ffb13420000 - 0x00007ffb1356e000 	C:\WINDOWS\system32\USER32.dll
0x00007ffb12fa0000 - 0x00007ffb13126000 	C:\WINDOWS\system32\GDI32.dll
0x00007ffb0a5b0000 - 0x00007ffb0a824000 	C:\WINDOWS\WinSxS\amd64_microsoft.windows.common-controls_6595b64144ccf1df_6.0.10240.16384_none_f41f7b285750ef43\COMCTL32.dll
0x00007ffb13310000 - 0x00007ffb13346000 	C:\WINDOWS\system32\IMM32.DLL
0x00007ffb14b90000 - 0x00007ffb14cec000 	C:\WINDOWS\system32\MSCTF.dll
0x0000000070910000 - 0x00000000709e2000 	C:\Program Files\Java\jdk1.8.0_77\jre\bin\msvcr100.dll
0x000000006f390000 - 0x000000006fc20000 	C:\Program Files\Java\jdk1.8.0_77\jre\bin\server\jvm.dll
0x00007ffb15130000 - 0x00007ffb15138000 	C:\WINDOWS\system32\PSAPI.DLL
0x00007ffafa980000 - 0x00007ffafa989000 	C:\WINDOWS\SYSTEM32\WSOCK32.dll
0x00007ffb13200000 - 0x00007ffb13269000 	C:\WINDOWS\system32\WS2_32.dll
0x00007ffb131f0000 - 0x00007ffb131f8000 	C:\WINDOWS\system32\NSI.dll
0x00007ffb10410000 - 0x00007ffb10433000 	C:\WINDOWS\SYSTEM32\WINMM.dll
0x00007ffb0a830000 - 0x00007ffb0a83a000 	C:\WINDOWS\SYSTEM32\VERSION.dll
0x00007ffb103b0000 - 0x00007ffb103dc000 	C:\WINDOWS\SYSTEM32\WINMMBASE.dll
0x00007ffb12560000 - 0x00007ffb125a4000 	C:\WINDOWS\system32\cfgmgr32.dll
0x00007ffb10800000 - 0x00007ffb10827000 	C:\WINDOWS\SYSTEM32\DEVOBJ.dll
0x0000000071060000 - 0x000000007106f000 	C:\Program Files\Java\jdk1.8.0_77\jre\bin\verify.dll
0x0000000071030000 - 0x0000000071059000 	C:\Program Files\Java\jdk1.8.0_77\jre\bin\java.dll
0x00000000708f0000 - 0x0000000070906000 	C:\Program Files\Java\jdk1.8.0_77\jre\bin\zip.dll
0x00007ffb13570000 - 0x00007ffb14ad8000 	C:\WINDOWS\system32\SHELL32.dll
0x00007ffb11f30000 - 0x00007ffb12558000 	C:\WINDOWS\system32\windows.storage.dll
0x00007ffb15220000 - 0x00007ffb1549c000 	C:\WINDOWS\system32\combase.dll
0x00007ffb13190000 - 0x00007ffb131e1000 	C:\WINDOWS\system32\shlwapi.dll
0x00007ffb11f00000 - 0x00007ffb11f0f000 	C:\WINDOWS\system32\kernel.appcore.dll
0x00007ffb12780000 - 0x00007ffb12833000 	C:\WINDOWS\system32\shcore.dll
0x00007ffb11eb0000 - 0x00007ffb11efa000 	C:\WINDOWS\system32\powrprof.dll
0x00007ffb11e90000 - 0x00007ffb11ea3000 	C:\WINDOWS\system32\profapi.dll
0x00007ffb12b30000 - 0x00007ffb12bee000 	C:\WINDOWS\system32\OLEAUT32.dll

VM Arguments:
jvm_args: -Djava.awt.headless=true -Xmx1024M -Dfile.encoding=windows-1252 -Duser.country=US -Duser.language=en -Duser.variant 
java_command: com.android.dx.command.Main --dex --num-threads=4 --output D:\Programe\Android\AndroidStudioProjects\MedicusAcademicus1.0\app\build\intermediates\pre-dexed\debug\com.android.support-recyclerview-v7-23.3.0_fffca8e5e2278b01e33c72dd2f5cf838ea2acab9.jar D:\Programe\Android\AndroidStudioProjects\MedicusAcademicus1.0\app\build\intermediates\exploded-aar\com.android.support\recyclerview-v7\23.3.0\jars\classes.jar
java_class_path (initial): C:\Users\Vali\AppData\Local\Android\Sdk\build-tools\23.0.3\lib\dx.jar
Launcher Type: SUN_STANDARD

Environment Variables:
JAVA_HOME=C:\Progra~1\Java\jdk1.8.0_77
CLASSPATH=.;.;C:\PROGRA~2\JMF21~1.1\lib\sound.jar;C:\PROGRA~2\JMF21~1.1\lib\jmf.jar;
USERNAME=Vali
OS=Windows_NT
PROCESSOR_IDENTIFIER=Intel64 Family 6 Model 60 Stepping 3, GenuineIntel



---------------  S Y S T E M  ---------------

OS: Windows 10.0 , 64 bit Build 10240 (10.0.10240.16384)

CPU:total 8 (4 cores per cpu, 2 threads per core) family 6 model 60 stepping 3, cmov, cx8, fxsr, mmx, sse, sse2, sse3, ssse3, sse4.1, sse4.2, popcnt, avx, avx2, aes, clmul, erms, lzcnt, ht, tsc, tscinvbit, bmi1, bmi2

Memory: 4k page, physical 8311064k(765300k free), swap 13010200k(5456k free)

vm_info: Java HotSpot(TM) 64-Bit Server VM (25.77-b03) for windows-amd64 JRE (1.8.0_77-b03), built on Mar 20 2016 22:01:33 by "java_re" with MS VC++ 10.0 (VS2010)

time: Thu May 26 17:31:39 2016
elapsed time: 2 seconds (0d 0h 0m 2s)

